<?xml version="1.0" encoding="UTF-8"?>
<!-- Generated by org.testng.reporters.JUnitReportReporter -->
<testsuite hostname="Ranjitha" failures="0" tests="2" name="test.First_test" time="0.014" errors="0" timestamp="2024-03-11T14:17:29 IST" skipped="0">
  <testcase classname="test.First_test" name="ftc_PL_01" time="0.011"/>
  <system-out/>
  <testcase classname="test.First_test" name="ftc_PL_02" time="0.003"/>
  <system-out/>
</testsuite> <!-- test.First_test -->
