<?xml version="1.0" encoding="UTF-8"?>
<!-- Generated by org.testng.reporters.JUnitReportReporter -->
<testsuite hostname="Ranjitha" failures="0" tests="2" name="test.Third_test" time="0.021" errors="0" timestamp="2024-03-11T14:17:29 IST" skipped="0">
  <testcase classname="test.Third_test" name="ttc_lg_car_03" time="0.011"/>
  <system-out/>
  <testcase classname="test.Third_test" name="ttc_lg_car_01" time="0.010"/>
  <system-out/>
</testsuite> <!-- test.Third_test -->
