<?xml version="1.0" encoding="UTF-8"?>
<!-- Generated by org.testng.reporters.JUnitReportReporter -->
<testsuite hostname="Ranjitha" failures="0" tests="1" name="test.java_version" time="0.011" errors="0" timestamp="2024-01-12T11:27:11 IST" skipped="0">
  <testcase classname="test.java_version" name="javaVersion" time="0.011"/>
  <system-out/>
</testsuite> <!-- test.java_version -->
