<?xml version="1.0" encoding="UTF-8"?>
<!-- Generated by org.testng.reporters.JUnitReportReporter -->
<testsuite hostname="Ranjitha" failures="0" tests="5" name="test.Sixth_test" time="0.008" errors="0" timestamp="2024-03-11T14:17:29 IST" skipped="0">
  <testcase classname="test.Sixth_test" name="tab_frtc_lg_hom_05" time="0.002"/>
  <system-out/>
  <testcase classname="test.Sixth_test" name="tab_frtc_lg_hom_04" time="0.001"/>
  <system-out/>
  <testcase classname="test.Sixth_test" name="tab_frtc_lg_hom_05" time="0.001"/>
  <system-out/>
  <testcase classname="test.Sixth_test" name="tab_frtc_lg_hom_05" time="0.002"/>
  <system-out/>
  <testcase classname="test.Sixth_test" name="mob_frtc_lg_hom_03" time="0.002"/>
  <system-out/>
</testsuite> <!-- test.Sixth_test -->
