<?xml version="1.0" encoding="UTF-8"?>
<!-- Generated by org.testng.reporters.JUnitReportReporter -->
<testsuite hostname="Ranjitha" failures="0" tests="5" name="test.Fourth_test" time="0.011" errors="0" timestamp="2023-12-26T12:49:59 IST" skipped="0">
  <testcase classname="test.Fourth_test" name="mob_frtc_lg_hom_03" time="0.003"/>
  <system-out/>
  <testcase classname="test.Fourth_test" name="tab_frtc_lg_hom_04" time="0.002"/>
  <system-out/>
  <testcase classname="test.Fourth_test" name="web_frtc_lg_hom_02" time="0.002"/>
  <system-out/>
  <testcase classname="test.Fourth_test" name="web_frtc_lg_hom_01" time="0.002"/>
  <system-out/>
  <testcase classname="test.Fourth_test" name="tab_frtc_lg_hom_05" time="0.002"/>
  <system-out/>
</testsuite> <!-- test.Fourth_test -->
