<?xml version="1.0" encoding="UTF-8"?>
<!-- Generated by org.testng.reporters.JUnitReportReporter -->
<testsuite hostname="Ranjitha" failures="0" tests="1" name="test.Second_test" time="0.003" errors="0" timestamp="2024-03-11T14:17:29 IST" skipped="0">
  <testcase classname="test.Second_test" name="stc_PL_01" time="0.003"/>
  <system-out/>
</testsuite> <!-- test.Second_test -->
